Game started - 04/02/2024 - 17:25:07
Trained Monkey drew cards
Clueless Robot drew cards
Trained Monkey won 0 rounds
Clueless Robot won 0 rounds
Trained Monkey's score: 2
Clueless Robot's score: 3
REWARD:Trained Monkey 2
REWARD:Clueless Robot 3
Trained Monkey won 0 rounds
Clueless Robot won 0 rounds
Trained Monkey's score: 1
Clueless Robot's score: 3
REWARD:Trained Monkey 3
REWARD:Clueless Robot 6
Trained Monkey won 0 rounds
Clueless Robot won 0 rounds
Trained Monkey's score: 0
Clueless Robot's score: 3
REWARD:Trained Monkey 3
REWARD:Clueless Robot 9
Trained Monkey won 0 rounds
Clueless Robot won 0 rounds
Trained Monkey's score: 0
Clueless Robot's score: 3
REWARD:Trained Monkey 3
REWARD:Clueless Robot 12
Trained Monkey drew cards
Clueless Robot drew cards
Trained Monkey won 0 rounds
Clueless Robot won 1 rounds
Trained Monkey's score: 2
Clueless Robot's score: 2
REWARD:Trained Monkey 5
REWARD:Clueless Robot 14
Trained Monkey won 0 rounds
Clueless Robot won 1 rounds
Trained Monkey's score: 2
Clueless Robot's score: 2
REWARD:Trained Monkey 7
REWARD:Clueless Robot 16
Clueless Robot won the game!
Game ended - 04/02/2024, 17:25:09
